{"level":"INFO","ts":"2025-07-04T12:30:11.847+0800","msg":"Starting cache warm-up"}
{"level":"INFO","ts":"2025-07-04T12:30:11.848+0800","msg":"Cache warm-up completed","duration":"1.537416ms"}
{"level":"INFO","ts":"2025-07-04T12:30:11.848+0800","msg":"HTTP server started","address":":"}
{"level":"INFO","ts":"2025-07-04T12:30:47.751+0800","msg":"HTTP server stopped gracefully"}
{"level":"INFO","ts":"2025-07-04T12:30:47.752+0800","msg":"Starting data persistence"}
{"level":"INFO","ts":"2025-07-04T12:30:47.752+0800","msg":"Data persistence completed","duration":"13.875µs"}
{"level":"INFO","ts":"2025-07-04T14:07:44.004+0800","msg":"Starting cache warm-up"}
{"level":"INFO","ts":"2025-07-04T14:07:44.004+0800","msg":"Cache warm-up completed","duration":"960.833µs"}
{"level":"INFO","ts":"2025-07-04T14:07:50.489+0800","msg":"Starting data persistence"}
{"level":"INFO","ts":"2025-07-04T14:07:50.490+0800","msg":"Data persistence completed","duration":"887.333µs"}
{"level":"ERROR","ts":"2025-07-04T14:07:55.490+0800","msg":"Shutdown timeout exceeded, forcing exit"}
{"level":"INFO","ts":"2025-07-04T14:08:00.919+0800","msg":"Starting cache warm-up"}
{"level":"INFO","ts":"2025-07-04T14:08:00.919+0800","msg":"Cache warm-up completed","duration":"537.834µs"}
{"level":"INFO","ts":"2025-07-04T14:08:04.235+0800","msg":"Starting data persistence"}
{"level":"INFO","ts":"2025-07-04T14:08:04.235+0800","msg":"Data persistence completed","duration":"101.541µs"}
{"level":"ERROR","ts":"2025-07-04T14:08:09.237+0800","msg":"Shutdown timeout exceeded, forcing exit"}
{"level":"INFO","ts":"2025-07-04T14:08:45.715+0800","msg":"Starting cache warm-up"}
{"level":"INFO","ts":"2025-07-04T14:08:45.716+0800","msg":"Cache warm-up completed","duration":"551.541µs"}
{"level":"INFO","ts":"2025-07-04T14:08:47.237+0800","msg":"Starting data persistence"}
{"level":"INFO","ts":"2025-07-04T14:08:47.237+0800","msg":"Data persistence completed","duration":"53.25µs"}
{"level":"ERROR","ts":"2025-07-04T14:08:50.238+0800","msg":"Shutdown timeout exceeded, forcing exit"}
